<?xml version="1.0" encoding="UTF-8"?>
<!-- Generated by org.testng.reporters.JUnitXMLReporter -->
<testsuite ignored="3" hostname="DESKTOP-VEMCPH6" failures="1" tests="4" name="Amazon_RegistrationPage_Regression_Test" time="50.276" errors="0" timestamp="2024-11-16T02:28:15 IST">
  <testcase classname="com.amazon.tests.RegistrationPageTest" name="fieldsOnThePageTest" time="1.808"/>
  <testcase classname="com.amazon.tests.RegistrationPageTest" name="pageTitleTest" time="0.054">
    <skipped/>
  </testcase> <!-- pageTitleTest -->
  <testcase classname="com.amazon.tests.RegistrationPageTest" name="pageTitleTest" time="0.019">
    <failure type="java.lang.AssertionError" message="ERROR- Page title does not match Expected: Amazon Registration expected [Amazon Registration1] but found [Amazon Registration]">
      <![CDATA[java.lang.AssertionError: ERROR- Page title does not match Expected: Amazon Registration expected [Amazon Registration1] but found [Amazon Registration]
at com.amazon.tests.RegistrationPageTest.pageTitleTest(RegistrationPageTest.java:39)
at java.base/java.util.ArrayList.forEach(ArrayList.java:1511)
... Removed 32 stack frames]]>
    </failure>
  </testcase> <!-- pageTitleTest -->
  <testcase classname="com.amazon.tests.RegistrationPageTest" name="signInLinkTest" time="0.012"/>
  <testcase classname="com.amazon.tests.RegistrationPageTest" name="verifyMobileNumberTest" time="0.0">
    <ignored/>
  </testcase> <!-- verifyMobileNumberTest -->
  <testcase classname="com.amazon.tests.RegistrationPageTest" name="createBusinessAccountTest" time="0.0">
    <ignored/>
  </testcase> <!-- createBusinessAccountTest -->
  <testcase classname="com.amazon.tests.RegistrationPageTest" name="isLogoPresent" time="0.0">
    <ignored/>
  </testcase> <!-- isLogoPresent -->
</testsuite> <!-- Amazon_RegistrationPage_Regression_Test -->
