<?xml version="1.0" encoding="UTF-8"?>
<!-- Generated by org.testng.reporters.JUnitXMLReporter -->
<testsuite ignored="4" hostname="DESKTOP-VEMCPH6" failures="0" tests="3" name="Amazon_SignInPage_Regression_Test" time="26.139" errors="0" timestamp="2024-11-16T02:27:25 IST">
  <testcase classname="com.amazon.tests.SignInPageTest" name="backAndForthScenarioTest" time="2.845"/>
  <testcase classname="com.amazon.tests.SignInPageTest" name="fieldsOnThePageTest" time="0.029"/>
  <testcase classname="com.amazon.tests.SignInPageTest" name="signInWithInValidEmailIdTest" time="0.645"/>
  <testcase classname="com.amazon.tests.SignInPageTest" name="signInWithValidCredentialsTest" time="0.0">
    <ignored/>
  </testcase> <!-- signInWithValidCredentialsTest -->
  <testcase classname="com.amazon.tests.SignInPageTest" name="pageTitleTest" time="0.0">
    <ignored/>
  </testcase> <!-- pageTitleTest -->
  <testcase classname="com.amazon.tests.SignInPageTest" name="isLogoPresent" time="0.0">
    <ignored/>
  </testcase> <!-- isLogoPresent -->
  <testcase classname="com.amazon.tests.SignInPageTest" name="signInWithUnRegisteredEmailId" time="0.0">
    <ignored/>
  </testcase> <!-- signInWithUnRegisteredEmailId -->
</testsuite> <!-- Amazon_SignInPage_Regression_Test -->
