<?xml version="1.0" encoding="UTF-8"?>
<!-- Generated by org.testng.reporters.JUnitXMLReporter -->
<testsuite ignored="4" hostname="DESKTOP-VEMCPH6" failures="0" tests="2" name="Amazon_RegistrationPage_Sanity_Test" time="19.945" errors="0" timestamp="2024-11-22T00:41:50 IST">
  <testcase classname="com.amazon.tests.RegistrationPageTest" name="createBusinessAccountTest" time="0.189"/>
  <testcase classname="com.amazon.tests.RegistrationPageTest" name="isLogoPresent" time="0.064"/>
  <testcase classname="com.amazon.tests.RegistrationPageTest" name="signInLinkTest" time="0.0">
    <ignored/>
  </testcase> <!-- signInLinkTest -->
  <testcase classname="com.amazon.tests.RegistrationPageTest" name="verifyMobileNumberTest" time="0.0">
    <ignored/>
  </testcase> <!-- verifyMobileNumberTest -->
  <testcase classname="com.amazon.tests.RegistrationPageTest" name="fieldsOnThePageTest" time="0.0">
    <ignored/>
  </testcase> <!-- fieldsOnThePageTest -->
  <testcase classname="com.amazon.tests.RegistrationPageTest" name="pageTitleTest" time="0.0">
    <ignored/>
  </testcase> <!-- pageTitleTest -->
</testsuite> <!-- Amazon_RegistrationPage_Sanity_Test -->
