<?xml version="1.0" encoding="UTF-8"?>
<!-- Generated by org.testng.reporters.JUnitXMLReporter -->
<testsuite ignored="4" hostname="DESKTOP-VEMCPH6" failures="0" tests="3" name="Amazon_SignInPage_Sanity_Test" time="17.227" errors="0" timestamp="2024-11-22T00:41:30 IST">
  <testcase classname="com.amazon.tests.SignInPageTest" name="isLogoPresent" time="0.094"/>
  <testcase classname="com.amazon.tests.SignInPageTest" name="pageTitleTest" time="0.041"/>
  <testcase classname="com.amazon.tests.SignInPageTest" name="signInWithInValidEmailIdTest" time="0.328"/>
  <testcase classname="com.amazon.tests.SignInPageTest" name="signInWithUnRegisteredEmailId" time="0.0">
    <ignored/>
  </testcase> <!-- signInWithUnRegisteredEmailId -->
  <testcase classname="com.amazon.tests.SignInPageTest" name="signInWithValidCredentialsTest" time="0.0">
    <ignored/>
  </testcase> <!-- signInWithValidCredentialsTest -->
  <testcase classname="com.amazon.tests.SignInPageTest" name="fieldsOnThePageTest" time="0.0">
    <ignored/>
  </testcase> <!-- fieldsOnThePageTest -->
  <testcase classname="com.amazon.tests.SignInPageTest" name="backAndForthScenarioTest" time="0.0">
    <ignored/>
  </testcase> <!-- backAndForthScenarioTest -->
</testsuite> <!-- Amazon_SignInPage_Sanity_Test -->
