<?xml version="1.0" encoding="UTF-8"?>
<!-- Generated by org.testng.reporters.JUnitXMLReporter -->
<testsuite ignored="3" hostname="DESKTOP-VEMCPH6" failures="0" tests="3" name="Amazon_RegistrationPageRegressionTest" time="83.256" errors="0" timestamp="2025-01-01T22:12:27 IST">
  <testcase classname="com.amazon.tests.RegistrationPageTest" name="fieldsOnThePageTest" time="1.034"/>
  <testcase classname="com.amazon.tests.RegistrationPageTest" name="pageTitleTest" time="0.026"/>
  <testcase classname="com.amazon.tests.RegistrationPageTest" name="signInLinkTest" time="0.0">
    <skipped/>
  </testcase> <!-- signInLinkTest -->
  <testcase classname="com.amazon.tests.RegistrationPageTest" name="verifyMobileNumberTest" time="0.0">
    <ignored/>
  </testcase> <!-- verifyMobileNumberTest -->
  <testcase classname="com.amazon.tests.RegistrationPageTest" name="createBusinessAccountTest" time="0.0">
    <ignored/>
  </testcase> <!-- createBusinessAccountTest -->
  <testcase classname="com.amazon.tests.RegistrationPageTest" name="isLogoPresent" time="0.0">
    <ignored/>
  </testcase> <!-- isLogoPresent -->
</testsuite> <!-- Amazon_RegistrationPageRegressionTest -->
